<?xml version="1.0" encoding="UTF-8"?>
<!-- Generated by org.testng.reporters.JUnitReportReporter -->
<testsuite hostname="YY215114" failures="0" tests="1" name="com.automation.testcases.LoginTests" time="8.530" errors="0" timestamp="2021-12-13T19:01:52 IST" skipped="0">
  <testcase classname="com.automation.testcases.LoginTests" name="loginApp" time="8.530"/>
  <system-out/>
</testsuite> <!-- com.automation.testcases.LoginTests -->
